This is pdfTeX, Version 3.1415926-1.40.9 (MiKTeX 2.7) (preloaded format=pdflatex 2010.9.14)  14 SEP 2010 18:41
entering extended mode
**F:/My*Book*archieve/Good*Books*for*Olympiads/Geometry/solution/Geometry*Unbou
nd*project/gu-060118.tex

("F:/My Book archieve/Good Books for Olympiads/Geometry/solution/Geometry Unbou
nd project/gu-060118.tex"
LaTeX2e <2005/12/01>
Babel <v3.8l> and hyphenation patterns for english, dumylang, nohyphenation, ge
rman, ngerman, german-x-2008-06-18, ngerman-x-2008-06-18, french, loaded.
("C:\Program Files\MiKTeX 2.7\tex\latex\base\book.cls"
Document Class: book 2005/09/16 v1.4f Standard LaTeX document class
("C:\Program Files\MiKTeX 2.7\tex\latex\base\bk12.clo"
File: bk12.clo 2005/09/16 v1.4f Standard LaTeX file (size option)
)
\c@part=\count79
\c@chapter=\count80
\c@section=\count81
\c@subsection=\count82
\c@subsubsection=\count83
\c@paragraph=\count84
\c@subparagraph=\count85
\c@figure=\count86
\c@table=\count87
\abovecaptionskip=\skip41
\belowcaptionskip=\skip42
\bibindent=\dimen102
)
("C:\Program Files\MiKTeX 2.7\tex\latex\amscls\amsthm.sty"
Package: amsthm 2004/08/06 v2.20
\thm@style=\toks14
\thm@bodyfont=\toks15
\thm@headfont=\toks16
\thm@notefont=\toks17
\thm@headpunct=\toks18
\thm@preskip=\skip43
\thm@postskip=\skip44
\thm@headsep=\skip45
\dth@everypar=\toks19
)
("C:\Program Files\MiKTeX 2.7\tex\latex\amsmath\amsmath.sty"
Package: amsmath 2000/07/18 v2.13 AMS math features
\@mathmargin=\skip46

For additional information on amsmath, use the `?' option.
("C:\Program Files\MiKTeX 2.7\tex\latex\amsmath\amstext.sty"
Package: amstext 2000/06/29 v2.01

("C:\Program Files\MiKTeX 2.7\tex\latex\amsmath\amsgen.sty"
File: amsgen.sty 1999/11/30 v2.0
\@emptytoks=\toks20
\ex@=\dimen103
))
("C:\Program Files\MiKTeX 2.7\tex\latex\amsmath\amsbsy.sty"
Package: amsbsy 1999/11/29 v1.2d
\pmbraise@=\dimen104
)
("C:\Program Files\MiKTeX 2.7\tex\latex\amsmath\amsopn.sty"
Package: amsopn 1999/12/14 v2.01 operator names
)
\inf@bad=\count88
LaTeX Info: Redefining \frac on input line 211.
\uproot@=\count89
\leftroot@=\count90
LaTeX Info: Redefining \overline on input line 307.
\classnum@=\count91
\DOTSCASE@=\count92
LaTeX Info: Redefining \ldots on input line 379.
LaTeX Info: Redefining \dots on input line 382.
LaTeX Info: Redefining \cdots on input line 467.
\Mathstrutbox@=\box26
\strutbox@=\box27
\big@size=\dimen105
LaTeX Font Info:    Redeclaring font encoding OML on input line 567.
LaTeX Font Info:    Redeclaring font encoding OMS on input line 568.
\macc@depth=\count93
\c@MaxMatrixCols=\count94
\dotsspace@=\muskip10
\c@parentequation=\count95
\dspbrk@lvl=\count96
\tag@help=\toks21
\row@=\count97
\column@=\count98
\maxfields@=\count99
\andhelp@=\toks22
\eqnshift@=\dimen106
\alignsep@=\dimen107
\tagshift@=\dimen108
\tagwidth@=\dimen109
\totwidth@=\dimen110
\lineht@=\dimen111
\@envbody=\toks23
\multlinegap=\skip47
\multlinetaggap=\skip48
\mathdisplay@stack=\toks24
LaTeX Info: Redefining \[ on input line 2666.
LaTeX Info: Redefining \] on input line 2667.
)
("C:\Program Files\MiKTeX 2.7\tex\latex\amsfonts\amsfonts.sty"
Package: amsfonts 2001/10/25 v2.2f
\symAMSa=\mathgroup4
\symAMSb=\mathgroup5
LaTeX Font Info:    Overwriting math alphabet `\mathfrak' in version `bold'
(Font)                  U/euf/m/n --> U/euf/b/n on input line 132.
)
("C:\Program Files\MiKTeX 2.7\tex\latex\amsfonts\amssymb.sty"
Package: amssymb 2002/01/22 v2.2d
)
("C:\Program Files\MiKTeX 2.7\tex\latex\yhmath\yhmath.sty"
Package: yhmath 
LaTeX Font Info:    Redeclaring symbol font `largesymbols' on input line 12.
LaTeX Font Info:    Overwriting symbol font `largesymbols' in version `normal'
(Font)                  OMX/cmex/m/n --> OMX/yhex/m/n on input line 12.
LaTeX Font Info:    Overwriting symbol font `largesymbols' in version `bold'
(Font)                  OMX/cmex/m/n --> OMX/yhex/m/n on input line 12.
LaTeX Font Info:    Redeclaring math accent \widetilde on input line 13.
LaTeX Font Info:    Redeclaring math accent \widehat on input line 14.
)
\c@exc=\count100
\c@theorem=\count101
\@indexfile=\write3

Writing index file gu-060118.idx
(gu-060118.aux)
LaTeX Font Info:    Checking defaults for OML/cmm/m/it on input line 70.
LaTeX Font Info:    ... okay on input line 70.
LaTeX Font Info:    Checking defaults for T1/cmr/m/n on input line 70.
LaTeX Font Info:    ... okay on input line 70.
LaTeX Font Info:    Checking defaults for OT1/cmr/m/n on input line 70.
LaTeX Font Info:    ... okay on input line 70.
LaTeX Font Info:    Checking defaults for OMS/cmsy/m/n on input line 70.
LaTeX Font Info:    ... okay on input line 70.
LaTeX Font Info:    Checking defaults for OMX/cmex/m/n on input line 70.
LaTeX Font Info:    ... okay on input line 70.
LaTeX Font Info:    Checking defaults for U/cmr/m/n on input line 70.
LaTeX Font Info:    ... okay on input line 70.
LaTeX Font Info:    Try loading font information for OMS+cmr on input line 89.
 ("C:\Program Files\MiKTeX 2.7\tex\latex\base\omscmr.fd"
File: omscmr.fd 1999/05/25 v2.5h Standard LaTeX font definitions
)
LaTeX Font Info:    Font shape `OMS/cmr/m/n' in size <12> not available
(Font)              Font shape `OMS/cmsy/m/n' tried instead on input line 89.

[1


{C:/Documents and Settings/All Users/Application Data/MiKTeX/2.7/pdftex/config/
pdftex.map}] [2

] (gu-060118.toc
LaTeX Font Info:    Try loading font information for OMX+yhex on input line 2.

("C:\Program Files\MiKTeX 2.7\tex\latex\yhmath\omxyhex.fd"
File: OMXyhex.fd 
File: OMXyhex.fd 1996/01/04 v1.0 YH's humble contribution to TeX maths
)
LaTeX Font Info:    External font `yhcmex10' loaded for size
(Font)              <12> on input line 2.
LaTeX Font Info:    External font `yhcmex10' loaded for size
(Font)              <8> on input line 2.
LaTeX Font Info:    External font `yhcmex10' loaded for size
(Font)              <6> on input line 2.
LaTeX Font Info:    Try loading font information for U+msa on input line 2.

("C:\Program Files\MiKTeX 2.7\tex\latex\amsfonts\umsa.fd"
File: umsa.fd 2002/01/19 v2.2g AMS font definitions
)
LaTeX Font Info:    Try loading font information for U+msb on input line 2.

("C:\Program Files\MiKTeX 2.7\tex\latex\amsfonts\umsb.fd"
File: umsb.fd 2002/01/19 v2.2g AMS font definitions
) [3] [4] [5])
\tf@toc=\write4

[6]
LaTeX Font Info:    External font `yhcmex10' loaded for size
(Font)              <10> on input line 122.
LaTeX Font Info:    External font `yhcmex10' loaded for size
(Font)              <7> on input line 122.
LaTeX Font Info:    External font `yhcmex10' loaded for size
(Font)              <5> on input line 122.
 [7

]
Underfull \vbox (badness 3954) has occurred while \output is active []

 [8]
[9]
LaTeX Font Info:    Font shape `OMS/cmr/m/it' in size <8> not available
(Font)              Font shape `OMS/cmsy/m/n' tried instead on input line 287.
LaTeX Font Info:    Font shape `OMS/cmr/m/n' in size <8> not available
(Font)              Font shape `OMS/cmsy/m/n' tried instead on input line 287.
 [10] [11] [1

] [2]
Chapter 1.
[3

] [4]
Overfull \hbox (19.9668pt too wide) in paragraph at lines 441--443
\OT1/cmr/bx/n/12 Fact 1.1.1. \OT1/cmr/m/it/12 Through any given point, there is
 a unique line par-al-lel/perpendicular
 []

[5] [6] [7] [8] [9]
LaTeX Font Info:    Font shape `OMS/cmr/m/it' in size <12> not available
(Font)              Font shape `OMS/cmsy/m/n' tried instead on input line 768.
 [10] [11]
Overfull \hbox (7.7675pt too wide) in paragraph at lines 904--906
[]\OT1/cmr/m/n/12 If $\OML/cmm/m/it/12 A; B; C; D; E$ \OT1/cmr/m/n/12 lie on a 
cir-cle, then $\OML/cmm/m/it/12 m[]\OT1/cmr/m/n/12 ([]) + \OML/cmm/m/it/12 m[]\
OT1/cmr/m/n/12 ([]) = \OML/cmm/m/it/12 m[]\OT1/cmr/m/n/12 ([])$. 
 []

[12]
Overfull \hbox (20.13074pt too wide) has occurred while \output is active
\OT1/cmr/m/sl/12 1.6.  ANGLES AND THE DANGER OF CONFIGURATION DEPENDENCE \OT1/c
mr/m/n/12 13
 []

[13] [14] [15] [16]
Chapter 2.
[17

] [18] [19]
Overfull \hbox (17.16737pt too wide) in paragraph at lines 1220--1224
[]\OT1/cmr/m/n/12 For any tri-an-gle $\OML/cmm/m/it/12 ABC$\OT1/cmr/m/n/12 , pr
ove that $[] \OML/cmm/m/it/12 A \OT1/cmr/m/n/12 + [] \OML/cmm/m/it/12 B \OT1/cm
r/m/n/12 + [] \OML/cmm/m/it/12 C \OT1/cmr/m/n/12 = [] \OML/cmm/m/it/12 A [] B [
] C$
 []

[20] [21]
Overfull \hbox (14.43358pt too wide) in paragraph at lines 1338--1344
\OT1/cmr/m/n/12 be the re-spec-tive mid-points of $[]\OML/cmm/m/it/12 ; []; [];
 []; []$\OT1/cmr/m/n/12 . If $[]\OML/cmm/m/it/12 ; []; []; []$
 []

[22] [23] [24] [25] [26]
Chapter 3.
[27

] [28] [29] [30]
Overfull \hbox (8.11023pt too wide) in paragraph at lines 1731--1733
[]\OT1/cmr/m/it/12 (SAS cri-te-rion) We have $\OML/cmm/m/it/12 AB=A[]B[] \OT1/c
mr/m/n/12 = \OML/cmm/m/it/12 BC=B[]C[]$\OT1/cmr/m/it/12 , and $\U/msa/m/n/12 \\
OML/cmm/m/it/12 ABC \OT1/cmr/m/n/12 = \U/msa/m/n/12 \\OML/cmm/m/it/12 A[]B[]C[]
$\OT1/cmr/m/it/12 . 
 []

[31] [32] [33] [34] [35] [36] [37] [38]
Chapter 4.
[39

] [40] [41] [42] [43] [44] [45] [46

] [47] [48]
Chapter 5.
[49

] [50]
Overfull \hbox (7.16177pt too wide) in paragraph at lines 2531--2541
[]\OT1/cmr/m/n/12 Let $\OMS/cmsy/m/n/12 4\OML/cmm/m/it/12 ABC$ \OT1/cmr/m/n/12 
be a tri-an-gle, and let $\OML/cmm/m/it/12 D; E; F$ \OT1/cmr/m/n/12 be points o
n sides $[]\OML/cmm/m/it/12 ; []; []$\OT1/cmr/m/n/12 ,
 []

[51]
Overfull \hbox (0.84067pt too wide) in paragraph at lines 2557--2563
[]\OT1/cmr/m/n/12 Given a tri-an-gle $\OMS/cmsy/m/n/12 4\OML/cmm/m/it/12 ABC$ \
OT1/cmr/m/n/12 and points $\OML/cmm/m/it/12 X; Y; Z$ \OT1/cmr/m/n/12 such that 
$\U/msa/m/n/12 \\OML/cmm/m/it/12 ABZ \OT1/cmr/m/n/12 = \U/msa/m/n/12 \\OML/cmm/
m/it/12 XBC$\OT1/cmr/m/n/12 ,
 []

[52] [53] [54] [55] [56]
Chapter 6.
[57

]
Overfull \hbox (42.79929pt too wide) in paragraph at lines 2867--2870
[]\OT1/cmr/m/n/12 If $\OML/cmm/m/it/12 A; B; C; D$ \OT1/cmr/m/n/12 are con-cycl
ic and $[] \OMS/cmsy/m/n/12 \ [] \OT1/cmr/m/n/12 = \OML/cmm/m/it/12 E$\OT1/cmr/
m/n/12 , prove that $(\OML/cmm/m/it/12 AC=BC\OT1/cmr/m/n/12 )(\OML/cmm/m/it/12 
AD=BD\OT1/cmr/m/n/12 ) =
 []


Overfull \hbox (2.41307pt too wide) in paragraph at lines 2886--2892
\OT1/cmr/m/n/12 cir-cle through $\OML/cmm/m/it/12 A$ \OT1/cmr/m/n/12 cuts the l
ines $[]\OML/cmm/m/it/12 ; []; []; []$ \OT1/cmr/m/n/12 at the points $\OML/cmm/
m/it/12 P; Q; R; S$\OT1/cmr/m/n/12 ,
 []

[58] [59] [60] [61]
Overfull \hbox (0.77853pt too wide) in paragraph at lines 3096--3104
\OT1/cmr/m/n/12 which means that they are ho-mo-th-etic. []In other words, the 
lines $[]\OML/cmm/m/it/12 ; []; []$
 []

[62]
Overfull \hbox (1.7008pt too wide) in paragraph at lines 3159--3164
[]\OT1/cmr/m/n/12 (MOP 1995) With no-ta-tion as in the pre-vi-ous prob-lem, let
 lines $[]\OML/cmm/m/it/12 ; []$
 []

[63] [64] [65] [66]
Chapter 7.

Overfull \hbox (11.137pt too wide) in paragraph at lines 3342--3342
[][]\OT1/cmr/m/n/10 Indeed, the com-pan-ion web site \OT1/cmtt/m/n/10 http://fa
culty.evansville.edu/ck6/encyclopedia/
 []

[67

] [68] [69] [70]
Overfull \hbox (14.49521pt too wide) in paragraph at lines 3574--3583
\OT1/cmr/m/n/12 gle $\OMS/cmsy/m/n/12 4\OML/cmm/m/it/12 ABC$\OT1/cmr/m/n/12 , a
nd let $\OML/cmm/m/it/12 X; Y; Z$ \OT1/cmr/m/n/12 be the points where the seg-m
ents $[]\OML/cmm/m/it/12 ; []; []$\OT1/cmr/m/n/12 ,
 []

[71] [72] [73] [74] [75] [76] [77] [78] [79] [80]
Chapter 8.
[81

] [82] [83] [84] [85] [86

]
Chapter 9.
[87] [88] [89] [90] [91] [92] [93]
Overfull \hbox (24.09215pt too wide) in paragraph at lines 4625--4628
[]\OT1/cmr/m/n/12 Let $\OML/cmm/m/it/12 X; Y; Z$ \OT1/cmr/m/n/12 be the feet of
 the re-spec-tive per-pen-dic-u-lars from $\OML/cmm/m/it/12 P$ \OT1/cmr/m/n/12 
to $[]\OML/cmm/m/it/12 ; []; []$\OT1/cmr/m/n/12 .
 []

[94]
Overfull \hbox (6.16711pt too wide) in paragraph at lines 4673--4682
\OML/cmm/m/it/12 R[]; R[]; R[]$ \OT1/cmr/m/n/12 de-note the cir-cum-radii of tr
i-an-gles $\OMS/cmsy/m/n/12 4\OML/cmm/m/it/12 FAB; \OMS/cmsy/m/n/12 4\OML/cmm/m
/it/12 BCD; \OMS/cmsy/m/n/12 4\OML/cmm/m/it/12 DEF$\OT1/cmr/m/n/12 ,
 []

[95] [96] [97

] [98]
Chapter 10.
[99

] [100]
Overfull \hbox (5.4186pt too wide) in paragraph at lines 4843--4847
[]\OT1/cmr/m/n/12 Let $\OML/cmm/m/it/12 A; B; C; D$ \OT1/cmr/m/n/12 be four poi
nts on an in-ver-sive cir-cle, and let $\OML/cmm/m/it/12 A[]; B[]; C[]; D[]$
 []

[101] [102] [103] [104] [105] [106]
Overfull \hbox (3.58578pt too wide) in paragraph at lines 5187--5187
[]\OT1/cmr/bx/n/17.28 Hyperbolic ge-om-e-try: an his-tor-i-cal aside 
 []

[107] [108] [109] [110] [111] [112] [113] [114

]
Chapter 11.
[115] [116] [117] [118] [119] [120] [121]
Overfull \hbox (0.78622pt too wide) in paragraph at lines 5848--5855
\OT1/cmr/m/n/12 scribed about a conic, and form the in-ter-sec-tions $\OML/cmm/
m/it/12 P[] \OT1/cmr/m/n/12 = [] \OMS/cmsy/m/n/12 \ []$
 []


Overfull \hbox (17.16682pt too wide) in paragraph at lines 5855--5859
[]\OT1/cmr/m/n/12 (\OT1/cmr/m/it/12 Arbelos\OT1/cmr/m/n/12 ) Let $\OML/cmm/m/it
/12 A; B; C$ \OT1/cmr/m/n/12 be three non-collinear points. Draw el-lipses $\OM
L/cmm/m/it/12 E[]; E[]; E[]$
 []

[122] [123] [124] [125] [126]
Overfull \hbox (16.89014pt too wide) in paragraph at lines 6155--6164
[]\OT1/cmr/m/n/12 The set of ho-mo-ge-neous de-gree 3 poly-no-mi-als in $\OML/c
mm/m/it/12 x; y; z$ \OT1/cmr/m/n/12 is a 10-dimensional
 []

[127] [128] [129] [130] [131

] [132] [133

] [134] [135] [136] [137

] [138]
[139

]
Underfull \hbox (badness 1057) in paragraph at lines 6583--6584
[]\OT1/cmr/m/n/12 J.H. Sil-ver-man and J. Tate, \OT1/cmr/m/it/12 Ra-tio-nal Poi
nts on El-lip-tic Curves\OT1/cmr/m/n/12 ,
 []

[140] [141

] [142] [143

] [144]
Underfull \vbox (badness 10000) has occurred while \output is active []

 [145]
[146] [147] [148] [149]
Underfull \vbox (badness 2744) has occurred while \output is active []

 [150]
[151]
Overfull \hbox (0.59772pt too wide) in paragraph at lines 7079--7086
[]\OT1/cmr/m/n/12 Copyright []YEAR YOUR NAME. Per-mis-sion is granted to copy,
 []

[152] (gu-060118.aux) ) 
Here is how much of TeX's memory you used:
 1510 strings out of 95304
 16547 string characters out of 1183032
 74201 words of memory out of 1500000
 4724 multiletter control sequences out of 110000
 13120 words of font info for 49 fonts, out of 3000000 for 5000
 14 hyphenation exceptions out of 8191
 27i,20n,22p,502b,293s stack positions out of 5000i,500n,10000p,200000b,50000s
 <C:\Documents and Settings\All Users\Application Data\M
iKTeX\2.7\fonts\pk\ljfour\public\yhmath\dpi600\yhcmex10.pk><C:/Program Files/Mi
KTeX 2.7/fonts/type1/bluesky/cm/cmbx12.pfb><C:/Program Files/MiKTeX 2.7/fonts/t
ype1/bluesky/cm/cmmi12.pfb><C:/Program Files/MiKTeX 2.7/fonts/type1/bluesky/cm/
cmmi8.pfb><C:/Program Files/MiKTeX 2.7/fonts/type1/bluesky/cm/cmr10.pfb><C:/Pro
gram Files/MiKTeX 2.7/fonts/type1/bluesky/cm/cmr12.pfb><C:/Program Files/MiKTeX
 2.7/fonts/type1/bluesky/cm/cmr6.pfb><C:/Program Files/MiKTeX 2.7/fonts/type1/b
luesky/cm/cmr7.pfb><C:/Program Files/MiKTeX 2.7/fonts/type1/bluesky/cm/cmr8.pfb
><C:/Program Files/MiKTeX 2.7/fonts/type1/bluesky/cm/cmsl12.pfb><C:/Program Fil
es/MiKTeX 2.7/fonts/type1/bluesky/cm/cmsy10.pfb><C:/Program Files/MiKTeX 2.7/fo
nts/type1/bluesky/cm/cmsy8.pfb><C:/Program Files/MiKTeX 2.7/fonts/type1/bluesky
/cm/cmti10.pfb><C:/Program Files/MiKTeX 2.7/fonts/type1/bluesky/cm/cmti12.pfb><
C:/Program Files/MiKTeX 2.7/fonts/type1/bluesky/cm/cmtt10.pfb><C:/Program Files
/MiKTeX 2.7/fonts/type1/bluesky/cm/cmtt12.pfb><C:/Program Files/MiKTeX 2.7/font
s/type1/bluesky/ams/msam10.pfb><C:/Program Files/MiKTeX 2.7/fonts/type1/bluesky
/ams/msbm10.pfb>
Output written on gu-060118.pdf (163 pages, 563609 bytes).
PDF statistics:
 613 PDF objects out of 1000 (max. 8388607)
 0 named destinations out of 1000 (max. 131072)
 1 words of extra memory for PDF output out of 10000 (max. 10000000)

