This is pdfTeX, Version 3.141592-1.40.3 (MiKTeX 2.6) (preloaded format=pdflatex 2007.6.6)  6 MAY 2008 15:39
entering extended mode
**C:/Documents*and*Settings/Math/Desktop/Geometry*Unbound*project/fig.tex
("C:\Documents and Settings\Math\Desktop\Geometry Unbound project\fig.tex"
LaTeX2e <2005/12/01>
Babel <v3.8g> and hyphenation patterns for english, dumylang, nohyphenation, ge
rman, ngerman, french, loaded.
("D:\Program Files\MiKTeX 2.6\tex\latex\base\article.cls"
Document Class: article 2005/09/16 v1.4f Standard LaTeX document class
("D:\Program Files\MiKTeX 2.6\tex\latex\base\size10.clo"
File: size10.clo 2005/09/16 v1.4f Standard LaTeX file (size option)
)
\c@part=\count79
\c@section=\count80
\c@subsection=\count81
\c@subsubsection=\count82
\c@paragraph=\count83
\c@subparagraph=\count84
\c@figure=\count85
\c@table=\count86
\abovecaptionskip=\skip41
\belowcaptionskip=\skip42
\bibindent=\dimen102
)
("D:\Program Files\MiKTeX 2.6\tex\latex\graphics\graphicx.sty"
Package: graphicx 1999/02/16 v1.0f Enhanced LaTeX Graphics (DPC,SPQR)

("D:\Program Files\MiKTeX 2.6\tex\latex\graphics\keyval.sty"
Package: keyval 1999/03/16 v1.13 key=value parser (DPC)
\KV@toks@=\toks14
)
("D:\Program Files\MiKTeX 2.6\tex\latex\graphics\graphics.sty"
Package: graphics 2006/02/20 v1.0o Standard LaTeX Graphics (DPC,SPQR)

("D:\Program Files\MiKTeX 2.6\tex\latex\graphics\trig.sty"
Package: trig 1999/03/16 v1.09 sin cos tan (DPC)
)
("D:\Program Files\MiKTeX 2.6\tex\latex\00miktex\graphics.cfg"
File: graphics.cfg 2005/12/29 v1.2 MiKTeX 'graphics' configuration
)
Package graphics Info: Driver file: pdftex.def on input line 90.

("D:\Program Files\MiKTeX 2.6\tex\latex\graphics\pdftex.def"
File: pdftex.def 2007/04/17 v0.04g Graphics/color for pdfTeX
\Gread@gobject=\count87
))
\Gin@req@height=\dimen103
\Gin@req@width=\dimen104
) (fig.aux)
LaTeX Font Info:    Checking defaults for OML/cmm/m/it on input line 3.
LaTeX Font Info:    ... okay on input line 3.
LaTeX Font Info:    Checking defaults for T1/cmr/m/n on input line 3.
LaTeX Font Info:    ... okay on input line 3.
LaTeX Font Info:    Checking defaults for OT1/cmr/m/n on input line 3.
LaTeX Font Info:    ... okay on input line 3.
LaTeX Font Info:    Checking defaults for OMS/cmsy/m/n on input line 3.
LaTeX Font Info:    ... okay on input line 3.
LaTeX Font Info:    Checking defaults for OMX/cmex/m/n on input line 3.
LaTeX Font Info:    ... okay on input line 3.
LaTeX Font Info:    Checking defaults for U/cmr/m/n on input line 3.
LaTeX Font Info:    ... okay on input line 3.

("D:\Program Files\MiKTeX 2.6\tex\context\base\supp-pdf.tex"
[Loading MPS to PDF converter (version 2006.09.02).]
\scratchcounter=\count88
\scratchdimen=\dimen105
\scratchbox=\box26
\nofMPsegments=\count89
\nofMParguments=\count90
\MPscratchCnt=\count91
\MPscratchDim=\dimen106
\MPnumerator=\count92
\everyMPtoPDFconversion=\toks15
)
LaTeX Font Info:    External font `cmex10' loaded for size
(Font)              <7> on input line 5.
LaTeX Font Info:    External font `cmex10' loaded for size
(Font)              <5> on input line 5.

Overfull \hbox (9.31122pt too wide) detected at line 10
\OT1/cmr/m/n/10 8\OML/cmm/m/it/10 x[] \OT1/cmr/m/n/10 + 10\OML/cmm/m/it/10 x \O
T1/cmr/m/n/10 + 3 = [] \OMS/cmsy/m/n/10 , \OT1/cmr/m/n/10 2\OML/cmm/m/it/10 y \
OT1/cmr/m/n/10 + 3 = [] \OMS/cmsy/m/n/10 , \OT1/cmr/m/n/10 2\OML/cmm/m/it/10 y[
] \OT1/cmr/m/n/10 + (4\OML/cmm/m/it/10 x \OT1/cmr/m/n/10 + 9)\OML/cmm/m/it/10 y
 \OT1/cmr/m/n/10 + (6\OML/cmm/m/it/10 x \OT1/cmr/m/n/10 + 8) = 0
 []

! Missing \endgroup inserted.
<inserted text> 
                \endgroup 
l.17 So,$\begin{equation}
                         16x^2+24x+9=\sqrt{16x^2+24x+17}\end{equation}$
I've inserted something that you may have forgotten.
(See the <inserted text> above.)
With luck, this will get me unwedged. But if you
really didn't forget anything, try typing `2' now; then
my insertion and my current dilemma will both disappear.

! You can't use `\eqno' in math mode.
\endequation ->\eqno 
                     \hbox {\@eqnnum }$$\@ignoretrue 
l.17 ...^2+24x+9=\sqrt{16x^2+24x+17}\end{equation}
                                                  $
Sorry, but I'm not programmed to handle this case;
I'll just pretend that you didn't ask for it.
If you're in the wrong mode, you might be able to
return to the right one by typing `I}' or `I$' or `I\par'.


! LaTeX Error: \begin{document} ended by \end{equation}.

See the LaTeX manual or LaTeX Companion for explanation.
Type  H <return>  for immediate help.
 ...                                              
                                                  
l.17 ...^2+24x+9=\sqrt{16x^2+24x+17}\end{equation}
                                                  $
Your command was ignored.
Type  I <command> <return>  to replace it with another command,
or  <return>  to continue without it.

! Missing $ inserted.
<inserted text> 
                $
l.17 ...^2+24x+9=\sqrt{16x^2+24x+17}\end{equation}
                                                  $
I've inserted something that you may have forgotten.
(See the <inserted text> above.)
With luck, this will get me unwedged. But if you
really didn't forget anything, try typing `2' now; then
my insertion and my current dilemma will both disappear.

! Extra \endgroup.
<recently read> \endgroup 
                          
l.17 ...^2+24x+9=\sqrt{16x^2+24x+17}\end{equation}
                                                  $
Things are pretty mixed up, but I think the worst is over.

! Missing $ inserted.
<inserted text> 
                $
l.18 ...ssume that we want the solution for $x \in
                                                   \mathbb{R}$, if it is not...
I've inserted a begin-math/end-math symbol since I think
you left one out. Proceed, with fingers crossed.

! Undefined control sequence.
l.18 ...at we want the solution for $x \in \mathbb
                                                  {R}$, if it is not the cas...
The control sequence at the end of the top line
of your error message was never \def'ed. If you have
misspelled it (e.g., `\hobx'), type `I' and the correct
spelling (e.g., `I\hbox'). Otherwise just continue,
and I'll forget about whatever was undefined.

[1

{psfonts.map}] (fig.aux) ) 
Here is how much of TeX's memory you used:
 881 strings out of 95305
 10308 string characters out of 1185158
 57768 words of memory out of 1059932
 4093 multiletter control sequences out of 60000
 3640 words of font info for 14 fonts, out of 1000000 for 2000
 14 hyphenation exceptions out of 8191
 25i,5n,21p,260b,107s stack positions out of 5000i,500n,10000p,200000b,32768s
<D:/Program Files/MiKTeX 2.6/fonts/type1/bluesky/cm/c
mex10.pfb><D:/Program Files/MiKTeX 2.6/fonts/type1/bluesky/cm/cmmi10.pfb><D:/Pr
ogram Files/MiKTeX 2.6/fonts/type1/bluesky/cm/cmmi7.pfb><D:/Program Files/MiKTe
X 2.6/fonts/type1/bluesky/cm/cmr10.pfb><D:/Program Files/MiKTeX 2.6/fonts/type1
/bluesky/cm/cmr5.pfb><D:/Program Files/MiKTeX 2.6/fonts/type1/bluesky/cm/cmr7.p
fb><D:/Program Files/MiKTeX 2.6/fonts/type1/bluesky/cm/cmsy10.pfb><D:/Program F
iles/MiKTeX 2.6/fonts/type1/bluesky/cm/cmsy5.pfb><D:/Program Files/MiKTeX 2.6/f
onts/type1/bluesky/cm/cmsy7.pfb>
Output written on fig.pdf (1 page, 38495 bytes).
PDF statistics:
 42 PDF objects out of 300000 (max. 8388607)
 0 named destinations out of 300000 (max. 131072)
 1 words of extra memory for PDF output out of 65536 (max. 10000000)

