This is pdfTeX, Version 3.141592-1.40.3 (MiKTeX 2.6) (preloaded format=pdflatex 2008.11.30)  18 DEC 2008 21:21
entering extended mode
**F:/My*Book*archieve/Good*Books*for*Olympiads/Geometry/solution/Geometry*Unbou
nd*project/temp.tex

("F:\My Book archieve\Good Books for Olympiads\Geometry\solution\Geometry Unbou
nd project\temp.tex"
LaTeX2e <2005/12/01>
Babel <v3.8g> and hyphenation patterns for english, dumylang, nohyphenation, ge
rman, ngerman, french, loaded.
("C:\Program Files\MiKTeX 2.6\tex\latex\base\article.cls"
Document Class: article 2005/09/16 v1.4f Standard LaTeX document class
("C:\Program Files\MiKTeX 2.6\tex\latex\base\size12.clo"
File: size12.clo 2005/09/16 v1.4f Standard LaTeX file (size option)
)
\c@part=\count79
\c@section=\count80
\c@subsection=\count81
\c@subsubsection=\count82
\c@paragraph=\count83
\c@subparagraph=\count84
\c@figure=\count85
\c@table=\count86
\abovecaptionskip=\skip41
\belowcaptionskip=\skip42
\bibindent=\dimen102
)
\probnum=\count87
 (temp.aux)
LaTeX Font Info:    Checking defaults for OML/cmm/m/it on input line 29.
LaTeX Font Info:    ... okay on input line 29.
LaTeX Font Info:    Checking defaults for T1/cmr/m/n on input line 29.
LaTeX Font Info:    ... okay on input line 29.
LaTeX Font Info:    Checking defaults for OT1/cmr/m/n on input line 29.
LaTeX Font Info:    ... okay on input line 29.
LaTeX Font Info:    Checking defaults for OMS/cmsy/m/n on input line 29.
LaTeX Font Info:    ... okay on input line 29.
LaTeX Font Info:    Checking defaults for OMX/cmex/m/n on input line 29.
LaTeX Font Info:    ... okay on input line 29.
LaTeX Font Info:    Checking defaults for U/cmr/m/n on input line 29.
LaTeX Font Info:    ... okay on input line 29.
 (temp.toc
LaTeX Font Info:    External font `cmex10' loaded for size
(Font)              <12> on input line 1.
LaTeX Font Info:    External font `cmex10' loaded for size
(Font)              <8> on input line 1.
LaTeX Font Info:    External font `cmex10' loaded for size
(Font)              <6> on input line 1.
)
\tf@toc=\write3


LaTeX Font Warning: Font shape `OT1/cmss/m/it' in size <12> not available
(Font)              Font shape `OT1/cmss/m/sl' tried instead on input line 45.


LaTeX Font Warning: Font shape `OT1/cmss/bx/it' undefined
(Font)              using `OT1/cmss/bx/n' instead on input line 45.

[1

{psfonts.map}]

! LaTeX Error: There's no line here to end.

See the LaTeX manual or LaTeX Companion for explanation.
Type  H <return>  for immediate help.
 ...                                              
                                                  
l.98 T
      wo circles intersect at points $A$ and $B$. An arbitrary line through ...

Your command was ignored.
Type  I <command> <return>  to replace it with another command,
or  <return>  to continue without it.

[2]

! LaTeX Error: There's no line here to end.

See the LaTeX manual or LaTeX Companion for explanation.
Type  H <return>  for immediate help.
 ...                                              
                                                  
l.147 P
       rove that $OQ$ is perpendicular to $EF$ if and only if $QE = QF$.
Your command was ignored.
Type  I <command> <return>  to replace it with another command,
or  <return>  to continue without it.

[3]
! Missing $ inserted.
<inserted text> 
                $
l.222 r\:
         
I've inserted a begin-math/end-math symbol since I think
you left one out. Proceed, with fingers crossed.

! Missing $ inserted.
<inserted text> 
                $
l.230 Then $\triangle
                      FRM \sim \triangle EQM$, as $\angle RFM = \angle AFE =
I've inserted a begin-math/end-math symbol since I think
you left one out. Proceed, with fingers crossed.


Overfull \hbox (226.40271pt too wide) in paragraph at lines 221--232
\OML/cmm/m/it/12 Let$\OT1/cmr/m/n/12 ABC$\OML/cmm/m/it/12 beatriangleand$\OT1/c
mr/m/n/12 D,E, F$\OML/cmm/m/it/12 thepointswheretheincircletouchesthesides$\OT1
/cmr/m/n/12 BC,CA,AB$\OML/cmm/m/it/12 ; respectively:Let$\OT1/cmr/m/n/12 M,N,P$
\OML/cmm/m/it/12 bepointsonthesegments$\OT1/cmr/m/n/12 EF,
 []


Overfull \hbox (47.00113pt too wide) in paragraph at lines 221--232
\OT1/cmr/m/n/12 FD,DE$\OML/cmm/m/it/12 respectively:Showthatthelines$\OT1/cmr/m
/n/12 AM,BN,CP$\OML/cmm/m/it/12 intersectifandonlyifthelines$\OT1/cmr/m/n/12 DM
,EN,FP$\OML/cmm/m/it/12 intersect:[] 
 []


Overfull \hbox (18.11871pt too wide) in paragraph at lines 221--232
[]\OML/cmm/m/it/12 From$\OT1/cmr/m/n/12 M$\OML/cmm/m/it/12 dropperpendiculars$\
OT1/cmr/m/n/12 MR$\OML/cmm/m/it/12 ;$\OT1/cmr/m/n/12 MQ$\OML/cmm/m/it/12 to$\OT
1/cmr/m/n/12 AB$\OML/cmm/m/it/12 ;$\OT1/cmr/m/n/12 AC$\OML/cmm/m/it/12 respecti
vely:Then$$\OMS/cmsy/m/n/12 4\OML/cmm/m/it/12 FRM \OMS/cmsy/m/n/12  4\OML/cmm/
m/it/12 EQM$\OT1/cmr/m/n/12 ,
 []

[4]
Overfull \hbox (7.67424pt too wide) in paragraph at lines 269--278
\OT1/cmr/m/n/12 Given tri-an-gle $\OML/cmm/m/it/12 ABC$ \OT1/cmr/m/n/12 and poi
nts $\OML/cmm/m/it/12 X; Y; Z$ \OT1/cmr/m/n/12 such that $[]\OML/cmm/m/it/12 AB
Z \OT1/cmr/m/n/12 = []\OML/cmm/m/it/12 XBC; []BCX \OT1/cmr/m/n/12 = []\OML/cmm/
m/it/12 YCA; []CAY \OT1/cmr/m/n/12 =
 []

[5] [6] [7] [8] [9] [10]
Missing character: There is no ’ in font cmr12!
 [11]
Overfull \hbox (9.5844pt too wide) detected at line 756
[] \OT1/cmr/m/n/12 = [][][] = [][][] = [][] = [] = []\OML/cmm/m/it/12 ;
 []


! LaTeX Error: There's no line here to end.

See the LaTeX manual or LaTeX Companion for explanation.
Type  H <return>  for immediate help.
 ...                                              
                                                  
l.774 \vspace
             {.5 in}
Your command was ignored.
Type  I <command> <return>  to replace it with another command,
or  <return>  to continue without it.

LaTeX Font Info:    External font `cmex10' loaded for size
(Font)              <10.95> on input line 783.
[12] (temp.aux)

LaTeX Font Warning: Some font shapes were not available, defaults substituted.

 ) 
Here is how much of TeX's memory you used:
 273 strings out of 95305
 2913 string characters out of 1185156
 60849 words of memory out of 1049701
 3501 multiletter control sequences out of 60000
 10404 words of font info for 36 fonts, out of 1000000 for 2000
 14 hyphenation exceptions out of 8191
 22i,12n,19p,462b,185s stack positions out of 5000i,500n,10000p,200000b,32768s
<C:/Program Files/MiKTeX 2.6/fonts/type1/bluesky/cm/cmbx12.pfb><C:/Program Fi
les/MiKTeX 2.6/fonts/type1/bluesky/cm/cmex10.pfb><C:/Program Files/MiKTeX 2.6/f
onts/type1/bluesky/cm/cmmi12.pfb><C:/Program Files/MiKTeX 2.6/fonts/type1/blues
ky/cm/cmmi8.pfb><C:/Program Files/MiKTeX 2.6/fonts/type1/bluesky/cm/cmr10.pfb><
C:/Program Files/MiKTeX 2.6/fonts/type1/bluesky/cm/cmr12.pfb><C:/Program Files/
MiKTeX 2.6/fonts/type1/bluesky/cm/cmr8.pfb><C:/Program Files/MiKTeX 2.6/fonts/t
ype1/bluesky/cm/cmss12.pfb><C:/Program Files/MiKTeX 2.6/fonts/type1/bluesky/cm/
cmssbx10.pfb><C:/Program Files/MiKTeX 2.6/fonts/type1/bluesky/cm/cmsy10.pfb><C:
/Program Files/MiKTeX 2.6/fonts/type1/bluesky/cm/cmsy8.pfb><C:/Program Files/Mi
KTeX 2.6/fonts/type1/bluesky/cm/cmti12.pfb>
Output written on temp.pdf (12 pages, 132311 bytes).
PDF statistics:
 89 PDF objects out of 300000 (max. 8388607)
 0 named destinations out of 300000 (max. 131072)
 1 words of extra memory for PDF output out of 65536 (max. 10000000)

